# JRE version: OpenJDK Runtime Environment Microsoft-13877124 (25.0.3+9) (build 25.0.3+9-LTS)
# Java VM: OpenJDK 64-Bit Server VM Microsoft-13877124 (25.0.3+9-LTS, mixed mode, sharing, tiered, compressed oops, compressed class ptrs, g1 gc, windows-amd64)
GC Precious Log:
 CardTable entry size: 512
 Card Set container configuration: InlinePtr #cards 4 size 8 Array Of Cards #cards 16 size 48 Howl #buckets 8 coarsen threshold 3686 Howl Bitmap #cards 512 size 80 coarsen threshold 460 Card regions per heap region 1 cards per card region 4096
 CPUs: 22 total, 22 available
 Memory: 15786M
 Large Page Support: Disabled
 NUMA Support: Disabled
 Compressed Oops: Enabled (Zero based)
 Heap Region Size: 2M
 Heap Min Capacity: 8M
 Heap Initial Capacity: 248M
 Heap Max Capacity: 4G
 Pre-touch: Disabled
 Parallel Workers: 16
 Concurrent Workers: 4
 Concurrent Refinement Workers: 16
 Periodic GC: Disabled
 G1 Time-Based Heap Sizing enabled (uncommit-only)
 Evaluation Interval: 60s, Uncommit Delay: 300s, Min Regions To Uncommit: 10
Heap:
 garbage-first heap   total reserved 4194304K, committed 135168K, used 78161K [0x0000000700000000, 0x0000000800000000)
  region size 2048K, 15 young (30720K), 5 survivors (10240K)
GC Heap Usage History (20 events):
Event: 1.689 {heap Before GC invocations=2 (full 0):
 garbage-first heap   total reserved 4194304K, committed 256000K, used 40916K [0x0000000700000000, 0x0000000800000000)
  region size 2048K, 17 young (34816K), 7 survivors (14336K)
}
Event: 1.693 {heap After GC invocations=3 (full 0):
 garbage-first heap   total reserved 4194304K, committed 256000K, used 24408K [0x0000000700000000, 0x0000000800000000)
  region size 2048K, 6 young (12288K), 6 survivors (12288K)
}
Event: 2.041 {heap Before GC invocations=4 (full 0):
 garbage-first heap   total reserved 4194304K, committed 96256K, used 89944K [0x0000000700000000, 0x0000000800000000)
  region size 2048K, 39 young (79872K), 6 survivors (12288K)
}
Event: 2.045 {heap After GC invocations=5 (full 0):
 garbage-first heap   total reserved 4194304K, committed 110592K, used 27557K [0x0000000700000000, 0x0000000800000000)
  region size 2048K, 7 young (14336K), 7 survivors (14336K)
}
Event: 3.678 {heap Before GC invocations=5 (full 0):
 garbage-first heap   total reserved 4194304K, committed 110592K, used 78757K [0x0000000700000000, 0x0000000800000000)
  region size 2048K, 32 young (65536K), 7 survivors (14336K)
}
Event: 3.687 {heap After GC invocations=6 (full 0):
 garbage-first heap   total reserved 4194304K, committed 110592K, used 29683K [0x0000000700000000, 0x0000000800000000)
  region size 2048K, 4 young (8192K), 4 survivors (8192K)
}
Event: 4.136 {heap Before GC invocations=6 (full 0):
 garbage-first heap   total reserved 4194304K, committed 110592K, used 33779K [0x0000000700000000, 0x0000000800000000)
  region size 2048K, 8 young (16384K), 4 survivors (8192K)
}
Event: 4.138 {heap After GC invocations=7 (full 0):
 garbage-first heap   total reserved 4194304K, committed 110592K, used 30026K [0x0000000700000000, 0x0000000800000000)
  region size 2048K, 2 young (4096K), 2 survivors (4096K)
}
Event: 4.901 {heap Before GC invocations=8 (full 0):
 garbage-first heap   total reserved 4194304K, committed 110592K, used 91466K [0x0000000700000000, 0x0000000800000000)
  region size 2048K, 31 young (63488K), 2 survivors (4096K)
}
Event: 4.904 {heap After GC invocations=9 (full 0):
 garbage-first heap   total reserved 4194304K, committed 110592K, used 38811K [0x0000000700000000, 0x0000000800000000)
  region size 2048K, 4 young (8192K), 4 survivors (8192K)
}
Event: 5.317 {heap Before GC invocations=9 (full 0):
 garbage-first heap   total reserved 4194304K, committed 110592K, used 90011K [0x0000000700000000, 0x0000000800000000)
  region size 2048K, 30 young (61440K), 4 survivors (8192K)
}
Event: 5.319 {heap After GC invocations=10 (full 0):
 garbage-first heap   total reserved 4194304K, committed 110592K, used 43248K [0x0000000700000000, 0x0000000800000000)
  region size 2048K, 3 young (6144K), 3 survivors (6144K)
}
Event: 5.536 {heap Before GC invocations=10 (full 0):
 garbage-first heap   total reserved 4194304K, committed 110592K, used 92400K [0x0000000700000000, 0x0000000800000000)
  region size 2048K, 28 young (57344K), 3 survivors (6144K)
}
Event: 5.539 {heap After GC invocations=11 (full 0):
 garbage-first heap   total reserved 4194304K, committed 110592K, used 47110K [0x0000000700000000, 0x0000000800000000)
  region size 2048K, 4 young (8192K), 4 survivors (8192K)
}
Event: 5.762 {heap Before GC invocations=11 (full 0):
 garbage-first heap   total reserved 4194304K, committed 110592K, used 92166K [0x0000000700000000, 0x0000000800000000)
  region size 2048K, 27 young (55296K), 4 survivors (8192K)
}
Event: 5.765 {heap After GC invocations=12 (full 0):
 garbage-first heap   total reserved 4194304K, committed 110592K, used 50804K [0x0000000700000000, 0x0000000800000000)
  region size 2048K, 4 young (8192K), 4 survivors (8192K)
}
Event: 6.079 {heap Before GC invocations=12 (full 0):
 garbage-first heap   total reserved 4194304K, committed 110592K, used 97908K [0x0000000700000000, 0x0000000800000000)
  region size 2048K, 27 young (55296K), 4 survivors (8192K)
}
Event: 6.083 {heap After GC invocations=13 (full 0):
 garbage-first heap   total reserved 4194304K, committed 112640K, used 54897K [0x0000000700000000, 0x0000000800000000)
  region size 2048K, 4 young (8192K), 4 survivors (8192K)
}
Event: 6.134 {heap Before GC invocations=13 (full 0):
 garbage-first heap   total reserved 4194304K, committed 112640K, used 63089K [0x0000000700000000, 0x0000000800000000)
  region size 2048K, 10 young (20480K), 4 survivors (8192K)
}
Event: 6.137 {heap After GC invocations=14 (full 0):
 garbage-first heap   total reserved 4194304K, committed 135168K, used 55703K [0x0000000700000000, 0x0000000800000000)
  region size 2048K, 3 young (6144K), 3 survivors (6144K)
}

