# JRE version: OpenJDK Runtime Environment Microsoft-13877124 (25.0.3+9) (build 25.0.3+9-LTS)
# Java VM: OpenJDK 64-Bit Server VM Microsoft-13877124 (25.0.3+9-LTS, mixed mode, sharing, tiered, compressed oops, compressed class ptrs, g1 gc, windows-amd64)
GC Precious Log:
 CardTable entry size: 512
 Card Set container configuration: InlinePtr #cards 4 size 8 Array Of Cards #cards 16 size 48 Howl #buckets 8 coarsen threshold 3686 Howl Bitmap #cards 512 size 80 coarsen threshold 460 Card regions per heap region 1 cards per card region 4096
 CPUs: 22 total, 22 available
 Memory: 15786M
 Large Page Support: Disabled
 NUMA Support: Disabled
 Compressed Oops: Enabled (Zero based)
 Heap Region Size: 2M
 Heap Min Capacity: 8M
 Heap Initial Capacity: 248M
 Heap Max Capacity: 4G
 Pre-touch: Disabled
 Parallel Workers: 16
 Concurrent Workers: 4
 Concurrent Refinement Workers: 16
 Periodic GC: Disabled
 G1 Time-Based Heap Sizing enabled (uncommit-only)
 Evaluation Interval: 60s, Uncommit Delay: 300s, Min Regions To Uncommit: 10
Heap:
 garbage-first heap   total reserved 4194304K, committed 274432K, used 172461K [0x0000000700000000, 0x0000000800000000)
  region size 2048K, 6 young (12288K), 5 survivors (10240K)
GC Heap Usage History (20 events):
Event: 13.427 {heap Before GC invocations=39 (full 0):
 garbage-first heap   total reserved 4194304K, committed 184320K, used 169732K [0x0000000700000000, 0x0000000800000000)
  region size 2048K, 31 young (63488K), 4 survivors (8192K)
}
Event: 13.431 {heap After GC invocations=40 (full 0):
 garbage-first heap   total reserved 4194304K, committed 188416K, used 122712K [0x0000000700000000, 0x0000000800000000)
  region size 2048K, 3 young (6144K), 3 survivors (6144K)
}
Event: 13.740 {heap Before GC invocations=41 (full 0):
 garbage-first heap   total reserved 4194304K, committed 208896K, used 173912K [0x0000000700000000, 0x0000000800000000)
  region size 2048K, 28 young (57344K), 3 survivors (6144K)
}
Event: 13.742 {heap After GC invocations=42 (full 0):
 garbage-first heap   total reserved 4194304K, committed 208896K, used 123142K [0x0000000700000000, 0x0000000800000000)
  region size 2048K, 1 young (2048K), 1 survivors (2048K)
}
Event: 14.243 {heap Before GC invocations=42 (full 0):
 garbage-first heap   total reserved 4194304K, committed 208896K, used 190726K [0x0000000700000000, 0x0000000800000000)
  region size 2048K, 35 young (71680K), 1 survivors (2048K)
}
Event: 14.246 {heap After GC invocations=43 (full 0):
 garbage-first heap   total reserved 4194304K, committed 208896K, used 126029K [0x0000000700000000, 0x0000000800000000)
  region size 2048K, 3 young (6144K), 3 survivors (6144K)
}
Event: 14.822 {heap Before GC invocations=43 (full 0):
 garbage-first heap   total reserved 4194304K, committed 208896K, used 193613K [0x0000000700000000, 0x0000000800000000)
  region size 2048K, 36 young (73728K), 3 survivors (6144K)
}
Event: 14.826 {heap After GC invocations=44 (full 0):
 garbage-first heap   total reserved 4194304K, committed 208896K, used 130325K [0x0000000700000000, 0x0000000800000000)
  region size 2048K, 5 young (10240K), 5 survivors (10240K)
}
Event: 15.936 {heap Before GC invocations=45 (full 0):
 garbage-first heap   total reserved 4194304K, committed 223232K, used 191765K [0x0000000700000000, 0x0000000800000000)
  region size 2048K, 36 young (73728K), 5 survivors (10240K)
}
Event: 15.940 {heap After GC invocations=46 (full 0):
 garbage-first heap   total reserved 4194304K, committed 223232K, used 134610K [0x0000000700000000, 0x0000000800000000)
  region size 2048K, 5 young (10240K), 5 survivors (10240K)
}
Event: 16.355 {heap Before GC invocations=46 (full 0):
 garbage-first heap   total reserved 4194304K, committed 223232K, used 204242K [0x0000000700000000, 0x0000000800000000)
  region size 2048K, 40 young (81920K), 5 survivors (10240K)
}
Event: 16.359 {heap After GC invocations=47 (full 0):
 garbage-first heap   total reserved 4194304K, committed 225280K, used 139187K [0x0000000700000000, 0x0000000800000000)
  region size 2048K, 5 young (10240K), 5 survivors (10240K)
}
Event: 16.754 {heap Before GC invocations=47 (full 0):
 garbage-first heap   total reserved 4194304K, committed 225280K, used 206771K [0x0000000700000000, 0x0000000800000000)
  region size 2048K, 39 young (79872K), 5 survivors (10240K)
}
Event: 16.758 {heap After GC invocations=48 (full 0):
 garbage-first heap   total reserved 4194304K, committed 229376K, used 146862K [0x0000000700000000, 0x0000000800000000)
  region size 2048K, 4 young (8192K), 4 survivors (8192K)
}
Event: 45.540 {heap Before GC invocations=49 (full 0):
 garbage-first heap   total reserved 4194304K, committed 249856K, used 208302K [0x0000000700000000, 0x0000000800000000)
  region size 2048K, 35 young (71680K), 4 survivors (8192K)
}
Event: 45.544 {heap After GC invocations=50 (full 0):
 garbage-first heap   total reserved 4194304K, committed 249856K, used 151102K [0x0000000700000000, 0x0000000800000000)
  region size 2048K, 3 young (6144K), 3 survivors (6144K)
}
Event: 46.229 {heap Before GC invocations=50 (full 0):
 garbage-first heap   total reserved 4194304K, committed 249856K, used 226878K [0x0000000700000000, 0x0000000800000000)
  region size 2048K, 41 young (83968K), 3 survivors (6144K)
}
Event: 46.233 {heap After GC invocations=51 (full 0):
 garbage-first heap   total reserved 4194304K, committed 249856K, used 156798K [0x0000000700000000, 0x0000000800000000)
  region size 2048K, 6 young (12288K), 6 survivors (12288K)
}
Event: 46.466 {heap Before GC invocations=51 (full 0):
 garbage-first heap   total reserved 4194304K, committed 249856K, used 226430K [0x0000000700000000, 0x0000000800000000)
  region size 2048K, 41 young (83968K), 6 survivors (12288K)
}
Event: 46.471 {heap After GC invocations=52 (full 0):
 garbage-first heap   total reserved 4194304K, committed 249856K, used 162123K [0x0000000700000000, 0x0000000800000000)
  region size 2048K, 6 young (12288K), 6 survivors (12288K)
}

