# JRE version: OpenJDK Runtime Environment Microsoft-13877124 (25.0.3+9) (build 25.0.3+9-LTS)
# Java VM: OpenJDK 64-Bit Server VM Microsoft-13877124 (25.0.3+9-LTS, mixed mode, sharing, tiered, compressed oops, compressed class ptrs, g1 gc, windows-amd64)
GC Precious Log:
 CardTable entry size: 512
 Card Set container configuration: InlinePtr #cards 4 size 8 Array Of Cards #cards 16 size 48 Howl #buckets 8 coarsen threshold 3686 Howl Bitmap #cards 512 size 80 coarsen threshold 460 Card regions per heap region 1 cards per card region 4096
 CPUs: 22 total, 22 available
 Memory: 15786M
 Large Page Support: Disabled
 NUMA Support: Disabled
 Compressed Oops: Enabled (Zero based)
 Heap Region Size: 2M
 Heap Min Capacity: 8M
 Heap Initial Capacity: 248M
 Heap Max Capacity: 4G
 Pre-touch: Disabled
 Parallel Workers: 16
 Concurrent Workers: 4
 Concurrent Refinement Workers: 16
 Periodic GC: Disabled
 G1 Time-Based Heap Sizing enabled (uncommit-only)
 Evaluation Interval: 60s, Uncommit Delay: 300s, Min Regions To Uncommit: 10
Heap:
 garbage-first heap   total reserved 4194304K, committed 143360K, used 90026K [0x0000000700000000, 0x0000000800000000)
  region size 2048K, 6 young (12288K), 3 survivors (6144K)
GC Heap Usage History (20 events):
Event: 3.635 {heap Before GC invocations=13 (full 0):
 garbage-first heap   total reserved 4194304K, committed 96256K, used 83315K [0x0000000700000000, 0x0000000800000000)
  region size 2048K, 21 young (43008K), 3 survivors (6144K)
}
Event: 3.637 {heap After GC invocations=14 (full 0):
 garbage-first heap   total reserved 4194304K, committed 96256K, used 51472K [0x0000000700000000, 0x0000000800000000)
  region size 2048K, 2 young (4096K), 2 survivors (4096K)
}
Event: 3.806 {heap Before GC invocations=14 (full 0):
 garbage-first heap   total reserved 4194304K, committed 96256K, used 82192K [0x0000000700000000, 0x0000000800000000)
  region size 2048K, 18 young (36864K), 2 survivors (4096K)
}
Event: 3.809 {heap After GC invocations=15 (full 0):
 garbage-first heap   total reserved 4194304K, committed 116736K, used 53973K [0x0000000700000000, 0x0000000800000000)
  region size 2048K, 2 young (4096K), 2 survivors (4096K)
}
Event: 3.945 {heap Before GC invocations=15 (full 0):
 garbage-first heap   total reserved 4194304K, committed 116736K, used 99029K [0x0000000700000000, 0x0000000800000000)
  region size 2048K, 25 young (51200K), 2 survivors (4096K)
}
Event: 3.948 {heap After GC invocations=16 (full 0):
 garbage-first heap   total reserved 4194304K, committed 116736K, used 57273K [0x0000000700000000, 0x0000000800000000)
  region size 2048K, 4 young (8192K), 4 survivors (8192K)
}
Event: 4.094 {heap Before GC invocations=16 (full 0):
 garbage-first heap   total reserved 4194304K, committed 116736K, used 100281K [0x0000000700000000, 0x0000000800000000)
  region size 2048K, 26 young (53248K), 4 survivors (8192K)
}
Event: 4.097 {heap After GC invocations=17 (full 0):
 garbage-first heap   total reserved 4194304K, committed 116736K, used 60350K [0x0000000700000000, 0x0000000800000000)
  region size 2048K, 4 young (8192K), 4 survivors (8192K)
}
Event: 4.193 {heap Before GC invocations=17 (full 0):
 garbage-first heap   total reserved 4194304K, committed 116736K, used 101310K [0x0000000700000000, 0x0000000800000000)
  region size 2048K, 25 young (51200K), 4 survivors (8192K)
}
Event: 4.196 {heap After GC invocations=18 (full 0):
 garbage-first heap   total reserved 4194304K, committed 116736K, used 61957K [0x0000000700000000, 0x0000000800000000)
  region size 2048K, 3 young (6144K), 3 survivors (6144K)
}
Event: 4.350 {heap Before GC invocations=19 (full 0):
 garbage-first heap   total reserved 4194304K, committed 116736K, used 102917K [0x0000000700000000, 0x0000000800000000)
  region size 2048K, 24 young (49152K), 3 survivors (6144K)
}
Event: 4.352 {heap After GC invocations=20 (full 0):
 garbage-first heap   total reserved 4194304K, committed 116736K, used 63693K [0x0000000700000000, 0x0000000800000000)
  region size 2048K, 2 young (4096K), 2 survivors (4096K)
}
Event: 4.511 {heap Before GC invocations=20 (full 0):
 garbage-first heap   total reserved 4194304K, committed 116736K, used 104653K [0x0000000700000000, 0x0000000800000000)
  region size 2048K, 23 young (47104K), 2 survivors (4096K)
}
Event: 4.516 {heap After GC invocations=21 (full 0):
 garbage-first heap   total reserved 4194304K, committed 143360K, used 69135K [0x0000000700000000, 0x0000000800000000)
  region size 2048K, 3 young (6144K), 3 survivors (6144K)
}
Event: 4.759 {heap Before GC invocations=21 (full 0):
 garbage-first heap   total reserved 4194304K, committed 143360K, used 124431K [0x0000000700000000, 0x0000000800000000)
  region size 2048K, 31 young (63488K), 3 survivors (6144K)
}
Event: 4.762 {heap After GC invocations=22 (full 0):
 garbage-first heap   total reserved 4194304K, committed 143360K, used 74048K [0x0000000700000000, 0x0000000800000000)
  region size 2048K, 3 young (6144K), 3 survivors (6144K)
}
Event: 4.905 {heap Before GC invocations=22 (full 0):
 garbage-first heap   total reserved 4194304K, committed 143360K, used 127296K [0x0000000700000000, 0x0000000800000000)
  region size 2048K, 29 young (59392K), 3 survivors (6144K)
}
Event: 4.908 {heap After GC invocations=23 (full 0):
 garbage-first heap   total reserved 4194304K, committed 143360K, used 79794K [0x0000000700000000, 0x0000000800000000)
  region size 2048K, 4 young (8192K), 4 survivors (8192K)
}
Event: 4.998 {heap Before GC invocations=23 (full 0):
 garbage-first heap   total reserved 4194304K, committed 143360K, used 128946K [0x0000000700000000, 0x0000000800000000)
  region size 2048K, 28 young (57344K), 4 survivors (8192K)
}
Event: 5.001 {heap After GC invocations=24 (full 0):
 garbage-first heap   total reserved 4194304K, committed 143360K, used 83971K [0x0000000700000000, 0x0000000800000000)
  region size 2048K, 3 young (6144K), 3 survivors (6144K)
}

